manifest-merger-release-report.txt
-- Merging decision tree log ---
manifest
ADDED from AndroidManifest.xml:2:1
	xmlns:android
		ADDED from AndroidManifest.xml:2:11
	package
		ADDED from AndroidManifest.xml:3:5
	android:versionName
		INJECTED from AndroidManifest.xml:0:0
		INJECTED from AndroidManifest.xml:0:0
	android:versionCode
		INJECTED from AndroidManifest.xml:0:0
		INJECTED from AndroidManifest.xml:0:0
application
ADDED from AndroidManifest.xml:5:5
MERGED from com.android.support:appcompat-v7:23.1.0:22:5
MERGED from com.android.support:support-v4:23.1.0:22:5
	android:label
		ADDED from AndroidManifest.xml:8:9
	android:allowBackup
		ADDED from AndroidManifest.xml:6:9
	android:icon
		ADDED from AndroidManifest.xml:7:9
	android:theme
		ADDED from AndroidManifest.xml:9:9
service#de.schloebe.seriesguide.streamingfinder.app.StreamingFinderExtension
ADDED from AndroidManifest.xml:10:9
	android:label
		ADDED from AndroidManifest.xml:13:13
	android:description
		ADDED from AndroidManifest.xml:12:13
	android:name
		ADDED from AndroidManifest.xml:11:13
meta-data#settingsActivity
ADDED from AndroidManifest.xml:14:13
	android:name
		ADDED from AndroidManifest.xml:14:24
	android:value
		ADDED from AndroidManifest.xml:15:17
intent-filter#com.battlelancer.seriesguide.api.SeriesGuideExtension
ADDED from AndroidManifest.xml:16:13
action#com.battlelancer.seriesguide.api.SeriesGuideExtension
ADDED from AndroidManifest.xml:17:17
	android:name
		ADDED from AndroidManifest.xml:17:25
activity#de.schloebe.seriesguide.streamingfinder.app.MainActivity
ADDED from AndroidManifest.xml:21:9
	android:label
		ADDED from AndroidManifest.xml:23:13
	android:name
		ADDED from AndroidManifest.xml:22:13
intent-filter#android.intent.action.MAIN+android.intent.category.LAUNCHER
ADDED from AndroidManifest.xml:24:13
action#android.intent.action.MAIN
ADDED from AndroidManifest.xml:25:17
	android:name
		ADDED from AndroidManifest.xml:25:25
category#android.intent.category.LAUNCHER
ADDED from AndroidManifest.xml:27:17
	android:name
		ADDED from AndroidManifest.xml:27:27
activity#de.schloebe.seriesguide.streamingfinder.app.SettingsActivity
ADDED from AndroidManifest.xml:31:9
	android:label
		ADDED from AndroidManifest.xml:32:13
	android:exported
		ADDED from AndroidManifest.xml:33:13
	android:name
		ADDED from AndroidManifest.xml:31:19
uses-sdk
INJECTED from AndroidManifest.xml:0:0 reason: use-sdk injection requested
MERGED from com.android.support:appcompat-v7:23.1.0:20:5
MERGED from com.android.support:support-v4:23.1.0:20:5
	android:targetSdkVersion
		INJECTED from AndroidManifest.xml:0:0
		INJECTED from AndroidManifest.xml:0:0
	android:minSdkVersion
		INJECTED from AndroidManifest.xml:0:0
		INJECTED from AndroidManifest.xml:0:0